# configure exec: ./configure --prefix=/home/raulrguez/Escritorio/Master_PrimerCuatri/SAD/Proyecto_SAD/node_modules/node-rdkafka/build/deps --libdir=/home/raulrguez/Escritorio/Master_PrimerCuatri/SAD/Proyecto_SAD/node_modules/node-rdkafka/build/deps --prefix=/home/raulrguez/Escritorio/Master_PrimerCuatri/SAD/Proyecto_SAD/node_modules/node-rdkafka/build/deps --libdir=/home/raulrguez/Escritorio/Master_PrimerCuatri/SAD/Proyecto_SAD/node_modules/node-rdkafka/build/deps
# On mié 23 nov 2022 13:07:57 CET
DBG 26666: Setting distro (distro) status to ok (action ignore)
DBG 26666: ccenv: WITH_CC:  --version failed: mklove/modules/configure.base: línea 1824: --version: orden no encontrada
DBG 26666: Setting ccenv (ccenv) status to failed (action cont)
DBG 26666: Check ccenv (WITH_CC, action cont (originally cont)) failed: command ' --version' failed:
mklove/modules/configure.base: línea 1824: --version: orden no encontrada
DBG 26666: Setting gcc (gcc) status to ok (action cont)
DBG 26666: cxxenv: WITH_CXX:  --version failed: mklove/modules/configure.base: línea 1824: --version: orden no encontrada
DBG 26666: Setting cxxenv (cxxenv) status to failed (action cont)
DBG 26666: Check cxxenv (WITH_CXX, action cont (originally cont)) failed: command ' --version' failed:
mklove/modules/configure.base: línea 1824: --version: orden no encontrada
DBG 26666: Setting gxx (gxx) status to ok (action cont)
DBG 26666: Setting ld (ld) status to ok (action disable)
DBG 26666: Setting nm (nm) status to ok (action disable)
DBG 26666: Setting objdump (objdump) status to ok (action disable)
DBG 26666: Setting strip (strip) status to ok (action disable)
DBG 26666: libtool: : libtool is not executable: 
DBG 26666: Setting libtool (libtool) status to failed (action disable)
DBG 26666: Check libtool (, action disable (originally disable)) failed: libtool is not executable
DBG 26666: Setting ranlib (ranlib) status to ok (action disable)
DBG 26666: Setting pkgconfig (pkgconfig) status to ok (action cont)
DBG 26666: Setting install (install) status to ok (action cont)
DBG 26666: Setting gnuar (gnuar) status to ok (action disable)
DBG 26666: Compile check PIC (HAVE_PIC) (sub=0): gcc  -g -O2 -Wall -Werror _mkltmp3cnhcd.c -o _mkltmp3cnhcd.c.o  -L/home/raulrguez/Escritorio/Master_PrimerCuatri/SAD/Proyecto_SAD/node_modules/node-rdkafka/build/deps -fPIC 
DBG 26666: Setting PIC (PIC) status to ok (action disable)
DBG 26666: Compile check gnulib (WITH_GNULD) (sub=0): gcc  -g -O2 -fPIC -Wall -Werror _mkltmphBESrW.c -o _mkltmphBESrW.c.o  -L/home/raulrguez/Escritorio/Master_PrimerCuatri/SAD/Proyecto_SAD/node_modules/node-rdkafka/build/deps -shared -Wl,-soname,mkltest.0 
DBG 26666: Setting gnulib (gnulib) status to ok (action cont)
DBG 26666: Compile check ldsflagvs () (sub=0): gcc  -g -O2 -fPIC -Wall -Werror _mkltmpgjN90b.c -o _mkltmpgjN90b.c.o  -L/home/raulrguez/Escritorio/Master_PrimerCuatri/SAD/Proyecto_SAD/node_modules/node-rdkafka/build/deps -shared -Wl,--version-script=_mkltmpfLjOiU 
DBG 26666: Setting ldsflagvs (ldsflagvs) status to ok (action cont)
DBG 26666: Compile check __atomic_32 (HAVE_ATOMICS_32) (sub=0): gcc  -g -O2 -fPIC -Wall -Werror _mkltmpwgO8ZX.c -o _mkltmpwgO8ZX.c.o  -L/home/raulrguez/Escritorio/Master_PrimerCuatri/SAD/Proyecto_SAD/node_modules/node-rdkafka/build/deps  
DBG 26666: Setting __atomic_32 (__atomic_32) status to ok (action cont)
DBG 26666: Compile check __atomic_64 (HAVE_ATOMICS_64) (sub=0): gcc  -g -O2 -fPIC -Wall -Werror _mkltmpKVyT5Y.c -o _mkltmpKVyT5Y.c.o  -L/home/raulrguez/Escritorio/Master_PrimerCuatri/SAD/Proyecto_SAD/node_modules/node-rdkafka/build/deps  
DBG 26666: Setting __atomic_64 (__atomic_64) status to ok (action cont)
DBG 26666: Compile check socket () (sub=0): gcc  -g -O2 -fPIC -Wall -Wsign-compare -Wfloat-equal -Wpointer-arith -Wcast-align -Wall -Werror _mkltmpRXJiW4.c -o _mkltmpRXJiW4.c.o  -L/home/raulrguez/Escritorio/Master_PrimerCuatri/SAD/Proyecto_SAD/node_modules/node-rdkafka/build/deps  
DBG 26666: Setting socket (socket) status to ok (action cont)
DBG 26666: Setting parseversion (parseversion) status to ok (action cont)
DBG 26666: pkg-config check librt for CFLAGS (): pkg-config --short-errors --cflags librt
DBG 26666: 'pkg-config --short-errors --cflags librt' failed: No package 'librt' found
DBG 26666: Setting librt_PKGCONFIG (librt_PKGCONFIG) status to failed (action cont)
DBG 26666: Check librt_PKGCONFIG (, action cont (originally cont)) failed: 'pkg-config --short-errors --cflags librt' failed:
No package 'librt' found
DBG 26666: librt: Check for static library (libs -lrt, arfile variable STATIC_LIB_librt=, static filenames )
DBG 26666: Compile check librt () (sub=0): gcc  -g -O2 -fPIC -Wall -Wsign-compare -Wfloat-equal -Wpointer-arith -Wcast-align -Wall -Werror _mkltmpMbDiBZ.c -o _mkltmpMbDiBZ.c.o  -L/home/raulrguez/Escritorio/Master_PrimerCuatri/SAD/Proyecto_SAD/node_modules/node-rdkafka/build/deps -lrt 
DBG 26666: Setting librt (librt) status to ok (action cont)
DBG 26666: librt: from lib_check: LIBS: prepend -lrt
DBG 26666: pkg-config check libpthread for CFLAGS (): pkg-config --short-errors --cflags libpthread
DBG 26666: 'pkg-config --short-errors --cflags libpthread' failed: No package 'libpthread' found
DBG 26666: Setting libpthread_PKGCONFIG (libpthread_PKGCONFIG) status to failed (action cont)
DBG 26666: Check libpthread_PKGCONFIG (, action cont (originally cont)) failed: 'pkg-config --short-errors --cflags libpthread' failed:
No package 'libpthread' found
DBG 26666: libpthread: Check for static library (libs -lpthread, arfile variable STATIC_LIB_libpthread=, static filenames )
DBG 26666: Compile check libpthread () (sub=0): gcc  -g -O2 -fPIC -Wall -Wsign-compare -Wfloat-equal -Wpointer-arith -Wcast-align -Wall -Werror _mkltmpIYihSi.c -o _mkltmpIYihSi.c.o  -L/home/raulrguez/Escritorio/Master_PrimerCuatri/SAD/Proyecto_SAD/node_modules/node-rdkafka/build/deps -lpthread -lrt
DBG 26666: Setting libpthread (libpthread) status to ok (action fail)
DBG 26666: libpthread: from lib_check: LIBS: prepend -lpthread
DBG 26666: pkg-config check c11threads for CFLAGS (WITH_C11THREADS): pkg-config --short-errors --cflags c11threads
DBG 26666: 'pkg-config --short-errors --cflags c11threads' failed: No package 'c11threads' found
DBG 26666: Setting c11threads_PKGCONFIG (c11threads_PKGCONFIG) status to failed (action cont)
DBG 26666: Check c11threads_PKGCONFIG (, action cont (originally cont)) failed: 'pkg-config --short-errors --cflags c11threads' failed:
No package 'c11threads' found
DBG 26666: c11threads: Check for static library (libs -lpthread -lrt, arfile variable STATIC_LIB_c11threads=, static filenames )
DBG 26666: Compile check c11threads (WITH_C11THREADS) (sub=0): gcc  -g -O2 -fPIC -Wall -Wsign-compare -Wfloat-equal -Wpointer-arith -Wcast-align -Wall -Werror _mkltmpee4NZC.c -o _mkltmpee4NZC.c.o  -L/home/raulrguez/Escritorio/Master_PrimerCuatri/SAD/Proyecto_SAD/node_modules/node-rdkafka/build/deps -lpthread -lrt -lpthread -lrt
DBG 26666: Setting c11threads (c11threads) status to ok (action disable)
DBG 26666: c11threads: from lib_check: LIBS: prepend -lpthread -lrt
DBG 26666: pkg-config check libdl for CFLAGS (WITH_LIBDL): pkg-config --short-errors --cflags libdl
DBG 26666: 'pkg-config --short-errors --cflags libdl' failed: No package 'libdl' found
DBG 26666: Setting libdl_PKGCONFIG (libdl_PKGCONFIG) status to failed (action cont)
DBG 26666: Check libdl_PKGCONFIG (, action cont (originally cont)) failed: 'pkg-config --short-errors --cflags libdl' failed:
No package 'libdl' found
DBG 26666: libdl: Check for static library (libs -ldl, arfile variable STATIC_LIB_libdl=, static filenames )
DBG 26666: Compile check libdl (WITH_LIBDL) (sub=0): gcc  -g -O2 -fPIC -Wall -Wsign-compare -Wfloat-equal -Wpointer-arith -Wcast-align -Wall -Werror _mkltmpkOQ2K8.c -o _mkltmpkOQ2K8.c.o  -L/home/raulrguez/Escritorio/Master_PrimerCuatri/SAD/Proyecto_SAD/node_modules/node-rdkafka/build/deps -ldl -lpthread -lrt -lpthread -lrt
DBG 26666: Setting libdl (libdl) status to ok (action disable)
DBG 26666: libdl: from lib_check: LIBS: prepend -ldl
DBG 26666: pkg-config check zlib for CFLAGS (WITH_ZLIB): pkg-config --short-errors --cflags zlib
DBG 26666: pkg-config check zlib for LIBS (WITH_ZLIB): pkg-config --short-errors --libs zlib
DBG 26666: zlib: from pkg-config: CFLAGS '', LIBS '-ldl -lpthread -lrt -lpthread -lrt'
DBG 26666: zlib: performing compile check using pkg-config info
DBG 26666: Compile check zlib (WITH_ZLIB) (sub=1): gcc  -g -O2 -fPIC -Wall -Wsign-compare -Wfloat-equal -Wpointer-arith -Wcast-align -Wall -Werror _mkltmpHijZeD.c -o _mkltmpHijZeD.c.o  -L/home/raulrguez/Escritorio/Master_PrimerCuatri/SAD/Proyecto_SAD/node_modules/node-rdkafka/build/deps  -lz -ldl -lpthread -lrt -lpthread -lrt
DBG 26666: zlib: Check for static library (libs -lz, arfile variable STATIC_LIB_zlib=, static filenames libz.a)
DBG 26666: zlib: from pkg-config: LIBS: prepend -lz
DBG 26666: Setting zlib (zlib) status to ok (action cont)
DBG 26666: pkg-config check libcrypto for CFLAGS (): pkg-config --short-errors --cflags libcrypto
DBG 26666: pkg-config check libcrypto for LIBS (): pkg-config --short-errors --libs libcrypto
DBG 26666: libcrypto: from pkg-config: CFLAGS '', LIBS '-lz -ldl -lpthread -lrt -lpthread -lrt'
DBG 26666: libcrypto: performing compile check using pkg-config info
DBG 26666: Compile check libcrypto () (sub=1): gcc  -g -O2 -fPIC -Wall -Wsign-compare -Wfloat-equal -Wpointer-arith -Wcast-align -Wall -Werror _mkltmplm5kCu.c -o _mkltmplm5kCu.c.o  -L/home/raulrguez/Escritorio/Master_PrimerCuatri/SAD/Proyecto_SAD/node_modules/node-rdkafka/build/deps  -lcrypto -lz -ldl -lpthread -lrt -lpthread -lrt
DBG 26666: libcrypto: Check for static library (libs -lcrypto, arfile variable STATIC_LIB_libcrypto=, static filenames libcrypto.a)
DBG 26666: libcrypto: from pkg-config: LIBS: prepend -lcrypto
DBG 26666: Setting libcrypto (libcrypto) status to ok (action cont)
DBG 26666: pkg-config check libssl for CFLAGS (WITH_SSL): pkg-config --short-errors --cflags libssl
DBG 26666: pkg-config check libssl for LIBS (WITH_SSL): pkg-config --short-errors --libs libssl
DBG 26666: libssl: from pkg-config: CFLAGS '', LIBS '-lcrypto -lz -ldl -lpthread -lrt -lpthread -lrt'
DBG 26666: libssl: performing compile check using pkg-config info
DBG 26666: Compile check libssl (WITH_SSL) (sub=1): gcc  -g -O2 -fPIC -Wall -Wsign-compare -Wfloat-equal -Wpointer-arith -Wcast-align -Wall -Werror _mkltmpkEY87N.c -o _mkltmpkEY87N.c.o  -L/home/raulrguez/Escritorio/Master_PrimerCuatri/SAD/Proyecto_SAD/node_modules/node-rdkafka/build/deps  -lssl -lcrypto -lz -ldl -lpthread -lrt -lpthread -lrt
DBG 26666: libssl: Check for static library (libs -lssl, arfile variable STATIC_LIB_libssl=, static filenames libssl.a)
DBG 26666: libssl: from pkg-config: LIBS: prepend -lssl
DBG 26666: Setting libssl (libssl) status to ok (action cont)
DBG 26666: pkg-config check libsasl2 for CFLAGS (WITH_SASL_CYRUS): pkg-config --short-errors --cflags libsasl2
DBG 26666: 'pkg-config --short-errors --cflags libsasl2' failed: No package 'libsasl2' found
DBG 26666: Setting libsasl2_PKGCONFIG (libsasl2_PKGCONFIG) status to failed (action cont)
DBG 26666: Check libsasl2_PKGCONFIG (, action cont (originally cont)) failed: 'pkg-config --short-errors --cflags libsasl2' failed:
No package 'libsasl2' found
DBG 26666: libsasl2: Check for static library (libs -lsasl2, arfile variable STATIC_LIB_libsasl2=, static filenames )
DBG 26666: Compile check libsasl2 (WITH_SASL_CYRUS) (sub=0): gcc  -g -O2 -fPIC -Wall -Wsign-compare -Wfloat-equal -Wpointer-arith -Wcast-align -Wall -Werror _mkltmpKsZ7zh.c -o _mkltmpKsZ7zh.c.o  -L/home/raulrguez/Escritorio/Master_PrimerCuatri/SAD/Proyecto_SAD/node_modules/node-rdkafka/build/deps -lsasl2 -lssl -lcrypto -lz -ldl -lpthread -lrt -lpthread -lrt
DBG 26666: compile check for libsasl2 (WITH_SASL_CYRUS) failed: gcc  -g -O2 -fPIC -Wall -Wsign-compare -Wfloat-equal -Wpointer-arith -Wcast-align -Wall -Werror _mkltmpKsZ7zh.c -o _mkltmpKsZ7zh.c.o  -L/home/raulrguez/Escritorio/Master_PrimerCuatri/SAD/Proyecto_SAD/node_modules/node-rdkafka/build/deps -lsasl2 -lssl -lcrypto -lz -ldl -lpthread -lrt -lpthread -lrt: _mkltmpKsZ7zh.c:3:10: fatal error: sasl/sasl.h: No existe el archivo o el directorio
    3 | #include <sasl/sasl.h>
      |          ^~~~~~~~~~~~~
compilation terminated.
DBG 26666: Setting libsasl2 (libsasl2) status to failed (action disable)
DBG 26666: Check libsasl2 (WITH_SASL_CYRUS, action disable (originally disable)) failed: compile check failed:
CC: CC
flags: -lsasl2
gcc  -g -O2 -fPIC -Wall -Wsign-compare -Wfloat-equal -Wpointer-arith -Wcast-align -Wall -Werror _mkltmpKsZ7zh.c -o _mkltmpKsZ7zh.c.o  -L/home/raulrguez/Escritorio/Master_PrimerCuatri/SAD/Proyecto_SAD/node_modules/node-rdkafka/build/deps -lsasl2 -lssl -lcrypto -lz -ldl -lpthread -lrt -lpthread -lrt:
_mkltmpKsZ7zh.c:3:10: fatal error: sasl/sasl.h: No existe el archivo o el directorio
    3 | #include <sasl/sasl.h>
      |          ^~~~~~~~~~~~~
compilation terminated.
source: 
#include <stddef.h>
#include <sasl/sasl.h>

DBG 26666: pkg-config check libsasl for CFLAGS (WITH_SASL_CYRUS): pkg-config --short-errors --cflags libsasl
DBG 26666: 'pkg-config --short-errors --cflags libsasl' failed: No package 'libsasl' found
DBG 26666: Setting libsasl_PKGCONFIG (libsasl_PKGCONFIG) status to failed (action cont)
DBG 26666: Check libsasl_PKGCONFIG (, action cont (originally cont)) failed: 'pkg-config --short-errors --cflags libsasl' failed:
No package 'libsasl' found
DBG 26666: libsasl: Check for static library (libs -lsasl, arfile variable STATIC_LIB_libsasl=, static filenames )
DBG 26666: Compile check libsasl (WITH_SASL_CYRUS) (sub=0): gcc  -g -O2 -fPIC -Wall -Wsign-compare -Wfloat-equal -Wpointer-arith -Wcast-align -Wall -Werror _mkltmphgJ6BY.c -o _mkltmphgJ6BY.c.o  -L/home/raulrguez/Escritorio/Master_PrimerCuatri/SAD/Proyecto_SAD/node_modules/node-rdkafka/build/deps -lsasl -lssl -lcrypto -lz -ldl -lpthread -lrt -lpthread -lrt
DBG 26666: compile check for libsasl (WITH_SASL_CYRUS) failed: gcc  -g -O2 -fPIC -Wall -Wsign-compare -Wfloat-equal -Wpointer-arith -Wcast-align -Wall -Werror _mkltmphgJ6BY.c -o _mkltmphgJ6BY.c.o  -L/home/raulrguez/Escritorio/Master_PrimerCuatri/SAD/Proyecto_SAD/node_modules/node-rdkafka/build/deps -lsasl -lssl -lcrypto -lz -ldl -lpthread -lrt -lpthread -lrt: _mkltmphgJ6BY.c:3:10: fatal error: sasl/sasl.h: No existe el archivo o el directorio
    3 | #include <sasl/sasl.h>
      |          ^~~~~~~~~~~~~
compilation terminated.
DBG 26666: Setting libsasl (libsasl) status to failed (action disable)
DBG 26666: Check libsasl (WITH_SASL_CYRUS, action disable (originally disable)) failed: compile check failed:
CC: CC
flags: -lsasl
gcc  -g -O2 -fPIC -Wall -Wsign-compare -Wfloat-equal -Wpointer-arith -Wcast-align -Wall -Werror _mkltmphgJ6BY.c -o _mkltmphgJ6BY.c.o  -L/home/raulrguez/Escritorio/Master_PrimerCuatri/SAD/Proyecto_SAD/node_modules/node-rdkafka/build/deps -lsasl -lssl -lcrypto -lz -ldl -lpthread -lrt -lpthread -lrt:
_mkltmphgJ6BY.c:3:10: fatal error: sasl/sasl.h: No existe el archivo o el directorio
    3 | #include <sasl/sasl.h>
      |          ^~~~~~~~~~~~~
compilation terminated.
source: 
#include <stddef.h>
#include <sasl/sasl.h>

DBG 26666: pkg-config check libzstd for CFLAGS (WITH_ZSTD): pkg-config --short-errors --cflags libzstd
DBG 26666: 'pkg-config --short-errors --cflags libzstd' failed: No package 'libzstd' found
DBG 26666: Setting libzstd_PKGCONFIG (libzstd_PKGCONFIG) status to failed (action cont)
DBG 26666: Check libzstd_PKGCONFIG (, action cont (originally cont)) failed: 'pkg-config --short-errors --cflags libzstd' failed:
No package 'libzstd' found
DBG 26666: libzstd: Check for static library (libs -lzstd, arfile variable STATIC_LIB_libzstd=, static filenames libzstd.a)
DBG 26666: Compile check libzstd (WITH_ZSTD) (sub=0): gcc  -g -O2 -fPIC -Wall -Wsign-compare -Wfloat-equal -Wpointer-arith -Wcast-align -Wall -Werror _mkltmpYNY40b.c -o _mkltmpYNY40b.c.o  -L/home/raulrguez/Escritorio/Master_PrimerCuatri/SAD/Proyecto_SAD/node_modules/node-rdkafka/build/deps -lzstd -lssl -lcrypto -lz -ldl -lpthread -lrt -lpthread -lrt
DBG 26666: compile check for libzstd (WITH_ZSTD) failed: gcc  -g -O2 -fPIC -Wall -Wsign-compare -Wfloat-equal -Wpointer-arith -Wcast-align -Wall -Werror _mkltmpYNY40b.c -o _mkltmpYNY40b.c.o  -L/home/raulrguez/Escritorio/Master_PrimerCuatri/SAD/Proyecto_SAD/node_modules/node-rdkafka/build/deps -lzstd -lssl -lcrypto -lz -ldl -lpthread -lrt -lpthread -lrt: _mkltmpYNY40b.c:2:10: fatal error: zstd.h: No existe el archivo o el directorio
    2 | #include <zstd.h>
      |          ^~~~~~~~
compilation terminated.
DBG 26666: Setting libzstd (libzstd) status to failed (action disable)
DBG 26666: Check libzstd (WITH_ZSTD, action disable (originally disable)) failed: compile check failed:
CC: CC
flags: -lzstd
gcc  -g -O2 -fPIC -Wall -Wsign-compare -Wfloat-equal -Wpointer-arith -Wcast-align -Wall -Werror _mkltmpYNY40b.c -o _mkltmpYNY40b.c.o  -L/home/raulrguez/Escritorio/Master_PrimerCuatri/SAD/Proyecto_SAD/node_modules/node-rdkafka/build/deps -lzstd -lssl -lcrypto -lz -ldl -lpthread -lrt -lpthread -lrt:
_mkltmpYNY40b.c:2:10: fatal error: zstd.h: No existe el archivo o el directorio
    2 | #include <zstd.h>
      |          ^~~~~~~~
compilation terminated.
source: 
#include <zstd.h>
#include <zstd_errors.h>

void foo (void) {
     ZSTD_getFrameContentSize(NULL, 0);
}

DBG 26666: pkg-config check libcurl for CFLAGS (WITH_CURL): pkg-config --short-errors --cflags libcurl
DBG 26666: 'pkg-config --short-errors --cflags libcurl' failed: No package 'libcurl' found
DBG 26666: Setting libcurl_PKGCONFIG (libcurl_PKGCONFIG) status to failed (action cont)
DBG 26666: Check libcurl_PKGCONFIG (, action cont (originally cont)) failed: 'pkg-config --short-errors --cflags libcurl' failed:
No package 'libcurl' found
DBG 26666: libcurl: Check for static library (libs -lcurl, arfile variable STATIC_LIB_libcurl=, static filenames libcurl.a)
DBG 26666: Compile check libcurl (WITH_CURL) (sub=0): gcc  -g -O2 -fPIC -Wall -Wsign-compare -Wfloat-equal -Wpointer-arith -Wcast-align -Wall -Werror _mkltmpULPco6.c -o _mkltmpULPco6.c.o  -L/home/raulrguez/Escritorio/Master_PrimerCuatri/SAD/Proyecto_SAD/node_modules/node-rdkafka/build/deps -lcurl -lssl -lcrypto -lz -ldl -lpthread -lrt -lpthread -lrt
DBG 26666: compile check for libcurl (WITH_CURL) failed: gcc  -g -O2 -fPIC -Wall -Wsign-compare -Wfloat-equal -Wpointer-arith -Wcast-align -Wall -Werror _mkltmpULPco6.c -o _mkltmpULPco6.c.o  -L/home/raulrguez/Escritorio/Master_PrimerCuatri/SAD/Proyecto_SAD/node_modules/node-rdkafka/build/deps -lcurl -lssl -lcrypto -lz -ldl -lpthread -lrt -lpthread -lrt: _mkltmpULPco6.c:2:10: fatal error: curl/curl.h: No existe el archivo o el directorio
    2 | #include <curl/curl.h>
      |          ^~~~~~~~~~~~~
compilation terminated.
DBG 26666: Setting libcurl (libcurl) status to failed (action disable)
DBG 26666: Check libcurl (WITH_CURL, action disable (originally disable)) failed: compile check failed:
CC: CC
flags: -lcurl
gcc  -g -O2 -fPIC -Wall -Wsign-compare -Wfloat-equal -Wpointer-arith -Wcast-align -Wall -Werror _mkltmpULPco6.c -o _mkltmpULPco6.c.o  -L/home/raulrguez/Escritorio/Master_PrimerCuatri/SAD/Proyecto_SAD/node_modules/node-rdkafka/build/deps -lcurl -lssl -lcrypto -lz -ldl -lpthread -lrt -lpthread -lrt:
_mkltmpULPco6.c:2:10: fatal error: curl/curl.h: No existe el archivo o el directorio
    2 | #include <curl/curl.h>
      |          ^~~~~~~~~~~~~
compilation terminated.
source: 
#include <curl/curl.h>

void foo (void) {
     curl_global_init(CURL_GLOBAL_DEFAULT);
}

DBG 26666: pkg-config check libm for CFLAGS (): pkg-config --short-errors --cflags libm
DBG 26666: 'pkg-config --short-errors --cflags libm' failed: No package 'libm' found
DBG 26666: Setting libm_PKGCONFIG (libm_PKGCONFIG) status to failed (action cont)
DBG 26666: Check libm_PKGCONFIG (, action cont (originally cont)) failed: 'pkg-config --short-errors --cflags libm' failed:
No package 'libm' found
DBG 26666: libm: Check for static library (libs -lm, arfile variable STATIC_LIB_libm=, static filenames )
DBG 26666: Compile check libm () (sub=0): gcc  -g -O2 -fPIC -Wall -Wsign-compare -Wfloat-equal -Wpointer-arith -Wcast-align -Wall -Werror _mkltmpToqczx.c -o _mkltmpToqczx.c.o  -L/home/raulrguez/Escritorio/Master_PrimerCuatri/SAD/Proyecto_SAD/node_modules/node-rdkafka/build/deps -lm -lssl -lcrypto -lz -ldl -lpthread -lrt -lpthread -lrt
DBG 26666: Setting libm (libm) status to ok (action disable)
DBG 26666: libm: from lib_check: LIBS: prepend -lm
DBG 26666: pkg-config check liblz4 for CFLAGS (WITH_LZ4_EXT): pkg-config --short-errors --cflags liblz4
DBG 26666: 'pkg-config --short-errors --cflags liblz4' failed: No package 'liblz4' found
DBG 26666: Setting liblz4_PKGCONFIG (liblz4_PKGCONFIG) status to failed (action cont)
DBG 26666: Check liblz4_PKGCONFIG (, action cont (originally cont)) failed: 'pkg-config --short-errors --cflags liblz4' failed:
No package 'liblz4' found
DBG 26666: liblz4: Check for static library (libs -llz4, arfile variable STATIC_LIB_liblz4=, static filenames liblz4.a)
DBG 26666: Compile check liblz4 (WITH_LZ4_EXT) (sub=0): gcc  -g -O2 -fPIC -Wall -Wsign-compare -Wfloat-equal -Wpointer-arith -Wcast-align -Wall -Werror _mkltmpUXkBdA.c -o _mkltmpUXkBdA.c.o  -L/home/raulrguez/Escritorio/Master_PrimerCuatri/SAD/Proyecto_SAD/node_modules/node-rdkafka/build/deps -llz4 -lm -lssl -lcrypto -lz -ldl -lpthread -lrt -lpthread -lrt
DBG 26666: compile check for liblz4 (WITH_LZ4_EXT) failed: gcc  -g -O2 -fPIC -Wall -Wsign-compare -Wfloat-equal -Wpointer-arith -Wcast-align -Wall -Werror _mkltmpUXkBdA.c -o _mkltmpUXkBdA.c.o  -L/home/raulrguez/Escritorio/Master_PrimerCuatri/SAD/Proyecto_SAD/node_modules/node-rdkafka/build/deps -llz4 -lm -lssl -lcrypto -lz -ldl -lpthread -lrt -lpthread -lrt: _mkltmpUXkBdA.c:1:10: fatal error: lz4frame.h: No existe el archivo o el directorio
    1 | #include <lz4frame.h>
      |          ^~~~~~~~~~~~
compilation terminated.
DBG 26666: Setting liblz4 (liblz4) status to failed (action disable)
DBG 26666: Check liblz4 (WITH_LZ4_EXT, action disable (originally disable)) failed: compile check failed:
CC: CC
flags: -llz4
gcc  -g -O2 -fPIC -Wall -Wsign-compare -Wfloat-equal -Wpointer-arith -Wcast-align -Wall -Werror _mkltmpUXkBdA.c -o _mkltmpUXkBdA.c.o  -L/home/raulrguez/Escritorio/Master_PrimerCuatri/SAD/Proyecto_SAD/node_modules/node-rdkafka/build/deps -llz4 -lm -lssl -lcrypto -lz -ldl -lpthread -lrt -lpthread -lrt:
_mkltmpUXkBdA.c:1:10: fatal error: lz4frame.h: No existe el archivo o el directorio
    1 | #include <lz4frame.h>
      |          ^~~~~~~~~~~~
compilation terminated.
source: #include <lz4frame.h>
DBG 26666: Compile check syslog (WITH_SYSLOG) (sub=0): gcc  -g -O2 -fPIC -Wall -Wsign-compare -Wfloat-equal -Wpointer-arith -Wcast-align -Wall -Werror _mkltmpFnuv0h.c -o _mkltmpFnuv0h.c.o  -L/home/raulrguez/Escritorio/Master_PrimerCuatri/SAD/Proyecto_SAD/node_modules/node-rdkafka/build/deps  -lm -lssl -lcrypto -lz -ldl -lpthread -lrt -lpthread -lrt
DBG 26666: Setting syslog (syslog) status to ok (action disable)
DBG 26666: Compile check rapidjson (WITH_RAPIDJSON) (sub=0): g++  -g -O2 -fPIC -Wall -Wsign-compare -Wfloat-equal -Wpointer-arith -Wcast-align -Wall -Werror _mkltmpDbNw4K.cpp -o _mkltmpDbNw4K.cpp.o  -L/home/raulrguez/Escritorio/Master_PrimerCuatri/SAD/Proyecto_SAD/node_modules/node-rdkafka/build/deps  -lm -lssl -lcrypto -lz -ldl -lpthread -lrt -lpthread -lrt
DBG 26666: compile check for rapidjson (WITH_RAPIDJSON) failed: g++  -g -O2 -fPIC -Wall -Wsign-compare -Wfloat-equal -Wpointer-arith -Wcast-align -Wall -Werror _mkltmpDbNw4K.cpp -o _mkltmpDbNw4K.cpp.o  -L/home/raulrguez/Escritorio/Master_PrimerCuatri/SAD/Proyecto_SAD/node_modules/node-rdkafka/build/deps  -lm -lssl -lcrypto -lz -ldl -lpthread -lrt -lpthread -lrt: _mkltmpDbNw4K.cpp:1:10: fatal error: rapidjson/schema.h: No existe el archivo o el directorio
    1 | #include <rapidjson/schema.h>
      |          ^~~~~~~~~~~~~~~~~~~~
compilation terminated.
DBG 26666: Setting rapidjson (rapidjson) status to failed (action disable)
DBG 26666: Check rapidjson (WITH_RAPIDJSON, action disable (originally disable)) failed: compile check failed:
CC: CXX
flags: 
g++  -g -O2 -fPIC -Wall -Wsign-compare -Wfloat-equal -Wpointer-arith -Wcast-align -Wall -Werror _mkltmpDbNw4K.cpp -o _mkltmpDbNw4K.cpp.o  -L/home/raulrguez/Escritorio/Master_PrimerCuatri/SAD/Proyecto_SAD/node_modules/node-rdkafka/build/deps  -lm -lssl -lcrypto -lz -ldl -lpthread -lrt -lpthread -lrt:
_mkltmpDbNw4K.cpp:1:10: fatal error: rapidjson/schema.h: No existe el archivo o el directorio
    1 | #include <rapidjson/schema.h>
      |          ^~~~~~~~~~~~~~~~~~~~
compilation terminated.
source: #include <rapidjson/schema.h>
DBG 26666: Compile check crc32chw (WITH_CRC32C_HW) (sub=0): gcc  -g -O2 -fPIC -Wall -Wsign-compare -Wfloat-equal -Wpointer-arith -Wcast-align -Wall -Werror _mkltmp1VegEn.c -o _mkltmp1VegEn.c.o  -L/home/raulrguez/Escritorio/Master_PrimerCuatri/SAD/Proyecto_SAD/node_modules/node-rdkafka/build/deps  -lm -lssl -lcrypto -lz -ldl -lpthread -lrt -lpthread -lrt
DBG 26666: Setting crc32chw (crc32chw) status to ok (action disable)
DBG 26666: Compile check regex (HAVE_REGEX) (sub=0): gcc  -g -O2 -fPIC -Wall -Wsign-compare -Wfloat-equal -Wpointer-arith -Wcast-align -Wall -Werror _mkltmpO83Nww.c -o _mkltmpO83Nww.c.o  -L/home/raulrguez/Escritorio/Master_PrimerCuatri/SAD/Proyecto_SAD/node_modules/node-rdkafka/build/deps  -lm -lssl -lcrypto -lz -ldl -lpthread -lrt -lpthread -lrt
DBG 26666: Setting regex (regex) status to ok (action disable)
DBG 26666: Compile check rand_r (HAVE_RAND_R) (sub=0): gcc  -g -O2 -fPIC -Wall -Wsign-compare -Wfloat-equal -Wpointer-arith -Wcast-align -Wall -Werror _mkltmpeW5VEX.c -o _mkltmpeW5VEX.c.o  -L/home/raulrguez/Escritorio/Master_PrimerCuatri/SAD/Proyecto_SAD/node_modules/node-rdkafka/build/deps  -lm -lssl -lcrypto -lz -ldl -lpthread -lrt -lpthread -lrt
DBG 26666: Setting rand_r (rand_r) status to ok (action disable)
DBG 26666: Compile check strndup (HAVE_STRNDUP) (sub=0): gcc  -g -O2 -fPIC -Wall -Wsign-compare -Wfloat-equal -Wpointer-arith -Wcast-align -Wall -Werror _mkltmpiak2y7.c -o _mkltmpiak2y7.c.o  -L/home/raulrguez/Escritorio/Master_PrimerCuatri/SAD/Proyecto_SAD/node_modules/node-rdkafka/build/deps  -lm -lssl -lcrypto -lz -ldl -lpthread -lrt -lpthread -lrt
DBG 26666: Setting strndup (strndup) status to ok (action disable)
DBG 26666: Compile check strlcpy (HAVE_STRLCPY) (sub=0): gcc  -g -O2 -fPIC -Wall -Wsign-compare -Wfloat-equal -Wpointer-arith -Wcast-align -Wall -Werror _mkltmpIhbNY1.c -o _mkltmpIhbNY1.c.o  -L/home/raulrguez/Escritorio/Master_PrimerCuatri/SAD/Proyecto_SAD/node_modules/node-rdkafka/build/deps  -lm -lssl -lcrypto -lz -ldl -lpthread -lrt -lpthread -lrt
DBG 26666: compile check for strlcpy (HAVE_STRLCPY) failed: gcc  -g -O2 -fPIC -Wall -Wsign-compare -Wfloat-equal -Wpointer-arith -Wcast-align -Wall -Werror _mkltmpIhbNY1.c -o _mkltmpIhbNY1.c.o  -L/home/raulrguez/Escritorio/Master_PrimerCuatri/SAD/Proyecto_SAD/node_modules/node-rdkafka/build/deps  -lm -lssl -lcrypto -lz -ldl -lpthread -lrt -lpthread -lrt: _mkltmpIhbNY1.c: In function ‘foo’:
_mkltmpIhbNY1.c:6:11: error: implicit declaration of function ‘strlcpy’; did you mean ‘strncpy’? [-Werror=implicit-function-declaration]
    6 |    return strlcpy(dest, "something", sizeof(dest));
      |           ^~~~~~~
      |           strncpy
cc1: all warnings being treated as errors
DBG 26666: Setting strlcpy (strlcpy) status to failed (action disable)
DBG 26666: Check strlcpy (HAVE_STRLCPY, action disable (originally disable)) failed: compile check failed:
CC: CC
flags: 
gcc  -g -O2 -fPIC -Wall -Wsign-compare -Wfloat-equal -Wpointer-arith -Wcast-align -Wall -Werror _mkltmpIhbNY1.c -o _mkltmpIhbNY1.c.o  -L/home/raulrguez/Escritorio/Master_PrimerCuatri/SAD/Proyecto_SAD/node_modules/node-rdkafka/build/deps  -lm -lssl -lcrypto -lz -ldl -lpthread -lrt -lpthread -lrt:
_mkltmpIhbNY1.c: In function ‘foo’:
_mkltmpIhbNY1.c:6:11: error: implicit declaration of function ‘strlcpy’; did you mean ‘strncpy’? [-Werror=implicit-function-declaration]
    6 |    return strlcpy(dest, "something", sizeof(dest));
      |           ^~~~~~~
      |           strncpy
cc1: all warnings being treated as errors
source: 
#define _DARWIN_C_SOURCE
#include <string.h>
int foo (void) {
    char dest[4];
   return strlcpy(dest, "something", sizeof(dest));
}
DBG 26666: Compile check strerror_r (HAVE_STRERROR_R) (sub=0): gcc  -g -O2 -fPIC -Wall -Wsign-compare -Wfloat-equal -Wpointer-arith -Wcast-align -Wall -Werror _mkltmpC2gZyl.c -o _mkltmpC2gZyl.c.o  -L/home/raulrguez/Escritorio/Master_PrimerCuatri/SAD/Proyecto_SAD/node_modules/node-rdkafka/build/deps  -lm -lssl -lcrypto -lz -ldl -lpthread -lrt -lpthread -lrt
DBG 26666: Setting strerror_r (strerror_r) status to ok (action disable)
DBG 26666: Compile check strcasestr (HAVE_STRCASESTR) (sub=0): gcc  -g -O2 -fPIC -Wall -Wsign-compare -Wfloat-equal -Wpointer-arith -Wcast-align -Wall -Werror _mkltmplnMY0C.c -o _mkltmplnMY0C.c.o  -L/home/raulrguez/Escritorio/Master_PrimerCuatri/SAD/Proyecto_SAD/node_modules/node-rdkafka/build/deps  -lm -lssl -lcrypto -lz -ldl -lpthread -lrt -lpthread -lrt
DBG 26666: Setting strcasestr (strcasestr) status to ok (action disable)
DBG 26666: Compile check pthread_setname_gnu (HAVE_PTHREAD_SETNAME_GNU) (sub=0): gcc  -g -O2 -fPIC -Wall -Wsign-compare -Wfloat-equal -Wpointer-arith -Wcast-align -Wall -Werror _mkltmpsJT6rw.c -o _mkltmpsJT6rw.c.o  -L/home/raulrguez/Escritorio/Master_PrimerCuatri/SAD/Proyecto_SAD/node_modules/node-rdkafka/build/deps -D_GNU_SOURCE -lpthread -lm -lssl -lcrypto -lz -ldl -lpthread -lrt -lpthread -lrt
DBG 26666: Setting pthread_setname_gnu (pthread_setname_gnu) status to ok (action disable)
DBG 26666: Setting nm (nm) status to ok (action cont)
DBG 26666: Setting python3 (python3) status to ok (action disable)
DBG 26666: Compile check getrusage (HAVE_GETRUSAGE) (sub=0): gcc  -g -O2 -fPIC -Wall -Wsign-compare -Wfloat-equal -Wpointer-arith -Wcast-align -Wall -Werror _mkltmpSPcIsn.c -o _mkltmpSPcIsn.c.o  -L/home/raulrguez/Escritorio/Master_PrimerCuatri/SAD/Proyecto_SAD/node_modules/node-rdkafka/build/deps  -lm -lssl -lcrypto -lz -ldl -lpthread -lrt -lpthread -lrt
DBG 26666: Setting getrusage (getrusage) status to ok (action disable)
